<?xml version="1.0" encoding="UTF-8" ?>
<testsuite failures="0" time="5.459" errors="0" skipped="0" tests="1" name="com.umgi.es.devkit.commoncomponent.CommonComponentConnectorTest">
  <properties>
    <property name="java.runtime.name" value="Java(TM) SE Runtime Environment"/>
    <property name="sun.boot.library.path" value="C:\Program Files\Java\jdk1.7.0_51\jre\bin"/>
    <property name="java.vm.version" value="24.51-b03"/>
    <property name="java.vm.vendor" value="Oracle Corporation"/>
    <property name="java.vendor.url" value="http://java.oracle.com/"/>
    <property name="path.separator" value=";"/>
    <property name="java.vm.name" value="Java HotSpot(TM) 64-Bit Server VM"/>
    <property name="file.encoding.pkg" value="sun.io"/>
    <property name="user.script" value=""/>
    <property name="user.country" value="US"/>
    <property name="sun.java.launcher" value="SUN_STANDARD"/>
    <property name="sun.os.patch.level" value="Service Pack 1"/>
    <property name="java.vm.specification.name" value="Java Virtual Machine Specification"/>
    <property name="user.dir" value="C:\AnypointStudio\Devkitws\commoncomponent-connector"/>
    <property name="java.runtime.version" value="1.7.0_51-b13"/>
    <property name="java.awt.graphicsenv" value="sun.awt.Win32GraphicsEnvironment"/>
    <property name="basedir" value="C:\AnypointStudio\Devkitws\commoncomponent-connector"/>
    <property name="java.endorsed.dirs" value="C:\Program Files\Java\jdk1.7.0_51\jre\lib\endorsed"/>
    <property name="os.arch" value="amd64"/>
    <property name="surefire.real.class.path" value="C:\Users\INVHYD~1\AppData\Local\Temp\surefirebooter6126730022432002636.jar"/>
    <property name="java.io.tmpdir" value="C:\Users\INVHYD~1\AppData\Local\Temp\"/>
    <property name="line.separator" value="
"/>
    <property name="java.vm.specification.vendor" value="Oracle Corporation"/>
    <property name="user.variant" value=""/>
    <property name="os.name" value="Windows 7"/>
    <property name="sun.jnu.encoding" value="Cp1252"/>
    <property name="java.library.path" value="C:\Program Files\Java\jdk1.7.0_51\jre\bin;C:\Windows\Sun\Java\bin;C:\Windows\system32;C:\Windows;C:\Program Files\Java\jdk1.7.0_51\bin;D:\apache-maven-3.2.3\bin;C:\Program Files\Dell\DW WLAN Card;;;C:\Windows\system32;C:\Windows;C:\Windows\System32\Wbem;C:\Windows\System32\WindowsPowerShell\v1.0\;C:\Program Files\WIDCOMM\Bluetooth Software\;C:\Program Files\WIDCOMM\Bluetooth Software\syswow64;."/>
    <property name="surefire.test.class.path" value="C:\AnypointStudio\Devkitws\commoncomponent-connector\target\test-classes;C:\AnypointStudio\Devkitws\commoncomponent-connector\target\classes;C:\Users\INVHYDNB33U\.m2\repository\eclipse\eclipse-runtime\2.1.0\eclipse-runtime-2.1.0.jar;C:\Users\INVHYDNB33U\.m2\repository\org\mule\mule-core\3.5.0\mule-core-3.5.0.jar;C:\Users\INVHYDNB33U\.m2\repository\commons-beanutils\commons-beanutils\1.8.0\commons-beanutils-1.8.0.jar;C:\Users\INVHYDNB33U\.m2\repository\com\github\stephenc\eaio-uuid\uuid\3.4.0\uuid-3.4.0.jar;C:\Users\INVHYDNB33U\.m2\repository\com\github\stephenc\eaio-grabbag\grabbag\1.8.1\grabbag-1.8.1.jar;C:\Users\INVHYDNB33U\.m2\repository\commons-cli\commons-cli\1.2\commons-cli-1.2.jar;C:\Users\INVHYDNB33U\.m2\repository\commons-collections\commons-collections\3.2.1\commons-collections-3.2.1.jar;C:\Users\INVHYDNB33U\.m2\repository\commons-io\commons-io\1.4\commons-io-1.4.jar;C:\Users\INVHYDNB33U\.m2\repository\commons-lang\commons-lang\2.4\commons-lang-2.4.jar;C:\Users\INVHYDNB33U\.m2\repository\commons-pool\commons-pool\1.6\commons-pool-1.6.jar;C:\Users\INVHYDNB33U\.m2\repository\org\apache\geronimo\specs\geronimo-jta_1.1_spec\1.1.1\geronimo-jta_1.1_spec-1.1.1.jar;C:\Users\INVHYDNB33U\.m2\repository\org\apache\geronimo\specs\geronimo-j2ee-connector_1.5_spec\1.1\geronimo-j2ee-connector_1.5_spec-1.1.jar;C:\Users\INVHYDNB33U\.m2\repository\javax\annotation\jsr250-api\1.0\jsr250-api-1.0.jar;C:\Users\INVHYDNB33U\.m2\repository\org\slf4j\jcl-over-slf4j\1.6.1\jcl-over-slf4j-1.6.1.jar;C:\Users\INVHYDNB33U\.m2\repository\org\slf4j\slf4j-api\1.6.1\slf4j-api-1.6.1.jar;C:\Users\INVHYDNB33U\.m2\repository\org\slf4j\slf4j-log4j12\1.6.1\slf4j-log4j12-1.6.1.jar;C:\Users\INVHYDNB33U\.m2\repository\log4j\log4j\1.2.16\log4j-1.2.16.jar;C:\Users\INVHYDNB33U\.m2\repository\asm\asm\3.1\asm-3.1.jar;C:\Users\INVHYDNB33U\.m2\repository\asm\asm-commons\3.1\asm-commons-3.1.jar;C:\Users\INVHYDNB33U\.m2\repository\asm\asm-tree\3.1\asm-tree-3.1.jar;C:\Users\INVHYDNB33U\.m2\repository\org\mule\mvel\mule-mvel2\2.1.9-MULE-003\mule-mvel2-2.1.9-MULE-003.jar;C:\Users\INVHYDNB33U\.m2\repository\org\jgrapht\jgrapht-jdk1.5\0.7.3\jgrapht-jdk1.5-0.7.3.jar;C:\Users\INVHYDNB33U\.m2\repository\com\google\guava\guava\16.0.1\guava-16.0.1.jar;C:\Users\INVHYDNB33U\.m2\repository\org\mule\tools\devkit\mule-devkit-annotations\3.5.1\mule-devkit-annotations-3.5.1.jar;C:\Users\INVHYDNB33U\.m2\repository\javax\inject\javax.inject\1\javax.inject-1.jar;C:\Users\INVHYDNB33U\.m2\repository\org\mule\modules\mule-module-annotations\3.5.0\mule-module-annotations-3.5.0.jar;C:\Users\INVHYDNB33U\.m2\repository\cglib\cglib-nodep\2.2\cglib-nodep-2.2.jar;C:\Users\INVHYDNB33U\.m2\repository\org\mule\modules\mule-module-spring-config\3.5.0\mule-module-spring-config-3.5.0.jar;C:\Users\INVHYDNB33U\.m2\repository\org\springframework\spring-context\3.2.1.RELEASE\spring-context-3.2.1.RELEASE.jar;C:\Users\INVHYDNB33U\.m2\repository\org\springframework\spring-aop\3.2.1.RELEASE\spring-aop-3.2.1.RELEASE.jar;C:\Users\INVHYDNB33U\.m2\repository\org\springframework\spring-expression\3.2.1.RELEASE\spring-expression-3.2.1.RELEASE.jar;C:\Users\INVHYDNB33U\.m2\repository\dom4j\dom4j\1.6.1\dom4j-1.6.1.jar;C:\Users\INVHYDNB33U\.m2\repository\jaxen\jaxen\1.1.1\jaxen-1.1.1.jar;C:\Users\INVHYDNB33U\.m2\repository\org\mule\modules\mule-module-devkit-support\3.5.0\mule-module-devkit-support-3.5.0.jar;C:\Users\INVHYDNB33U\.m2\repository\oauth\signpost\signpost-core\1.2.1.2\signpost-core-1.2.1.2.jar;C:\Users\INVHYDNB33U\.m2\repository\junit\junit-dep\4.9\junit-dep-4.9.jar;C:\Users\INVHYDNB33U\.m2\repository\org\hamcrest\hamcrest-core\1.1\hamcrest-core-1.1.jar;C:\Users\INVHYDNB33U\.m2\repository\org\mule\tests\mule-tests-functional\3.5.0\mule-tests-functional-3.5.0.jar;C:\Users\INVHYDNB33U\.m2\repository\org\springframework\spring-beans\3.2.1.RELEASE\spring-beans-3.2.1.RELEASE.jar;C:\Users\INVHYDNB33U\.m2\repository\commons-net\commons-net\2.0\commons-net-2.0.jar;C:\Users\INVHYDNB33U\.m2\repository\org\apache\ftpserver\ftpserver-core\1.0.2\ftpserver-core-1.0.2.jar;C:\Users\INVHYDNB33U\.m2\repository\org\apache\mina\mina-core\2.0.0-M6\mina-core-2.0.0-M6.jar;C:\Users\INVHYDNB33U\.m2\repository\org\apache\ftpserver\ftplet-api\1.0.2\ftplet-api-1.0.2.jar;C:\Users\INVHYDNB33U\.m2\repository\org\apache\sshd\sshd-core\0.6.0\sshd-core-0.6.0.jar;C:\Users\INVHYDNB33U\.m2\repository\org\bouncycastle\bcprov-jdk16\1.46\bcprov-jdk16-1.46.jar;C:\Users\INVHYDNB33U\.m2\repository\commons-dbutils\commons-dbutils\1.2\commons-dbutils-1.2.jar;C:\Users\INVHYDNB33U\.m2\repository\org\mule\mule-core\3.5.0\mule-core-3.5.0-tests.jar;C:\Users\INVHYDNB33U\.m2\repository\org\mule\modules\mule-module-jersey\3.5.0\mule-module-jersey-3.5.0.jar;C:\Users\INVHYDNB33U\.m2\repository\org\mule\patterns\mule-pattern-core\3.5.0\mule-pattern-core-3.5.0.jar;C:\Users\INVHYDNB33U\.m2\repository\org\mule\modules\mule-module-ws\3.5.0\mule-module-ws-3.5.0.jar;C:\Users\INVHYDNB33U\.m2\repository\org\mule\transports\mule-transport-vm\3.5.0\mule-transport-vm-3.5.0.jar;C:\Users\INVHYDNB33U\.m2\repository\com\sun\jersey\jersey-server\1.6\jersey-server-1.6.jar;C:\Users\INVHYDNB33U\.m2\repository\com\sun\jersey\jersey-core\1.6\jersey-core-1.6.jar;C:\Users\INVHYDNB33U\.m2\repository\com\sun\jersey\jersey-json\1.6\jersey-json-1.6.jar;C:\Users\INVHYDNB33U\.m2\repository\com\sun\xml\bind\jaxb-impl\2.2.3-1\jaxb-impl-2.2.3-1.jar;C:\Users\INVHYDNB33U\.m2\repository\org\codehaus\jackson\jackson-xc\1.7.1\jackson-xc-1.7.1.jar;C:\Users\INVHYDNB33U\.m2\repository\com\sun\jersey\jersey-client\1.6\jersey-client-1.6.jar;C:\Users\INVHYDNB33U\.m2\repository\org\codehaus\jackson\jackson-core-asl\1.9.11\jackson-core-asl-1.9.11.jar;C:\Users\INVHYDNB33U\.m2\repository\org\codehaus\jackson\jackson-jaxrs\1.9.11\jackson-jaxrs-1.9.11.jar;C:\Users\INVHYDNB33U\.m2\repository\org\mule\modules\mule-module-json\3.5.0\mule-module-json-3.5.0.jar;C:\Users\INVHYDNB33U\.m2\repository\org\mule\modules\mule-module-xml\3.5.0\mule-module-xml-3.5.0.jar;C:\Users\INVHYDNB33U\.m2\repository\org\apache\geronimo\specs\geronimo-stax-api_1.0_spec\1.0.1\geronimo-stax-api_1.0_spec-1.0.1.jar;C:\Users\INVHYDNB33U\.m2\repository\commons-jxpath\commons-jxpath\1.3\commons-jxpath-1.3.jar;C:\Users\INVHYDNB33U\.m2\repository\com\thoughtworks\xstream\xstream\1.4.2\xstream-1.4.2.jar;C:\Users\INVHYDNB33U\.m2\repository\xmlpull\xmlpull\1.1.3.1\xmlpull-1.1.3.1.jar;C:\Users\INVHYDNB33U\.m2\repository\xpp3\xpp3_min\1.1.3.4.O\xpp3_min-1.1.3.4.O.jar;C:\Users\INVHYDNB33U\.m2\repository\org\codehaus\woodstox\woodstox-core-asl\4.1.4\woodstox-core-asl-4.1.4.jar;C:\Users\INVHYDNB33U\.m2\repository\net\java\dev\stax-utils\stax-utils\20080702\stax-utils-20080702.jar;C:\Users\INVHYDNB33U\.m2\repository\net\sourceforge\saxon\saxon\9.1.0.8\saxon-9.1.0.8-dom.jar;C:\Users\INVHYDNB33U\.m2\repository\net\sourceforge\saxon\saxon\9.1.0.8\saxon-9.1.0.8-xqj.jar;C:\Users\INVHYDNB33U\.m2\repository\javax\xml\bind\jaxb-api\2.1\jaxb-api-2.1.jar;C:\Users\INVHYDNB33U\.m2\repository\org\codehaus\jackson\jackson-mapper-asl\1.9.11\jackson-mapper-asl-1.9.11.jar;C:\Users\INVHYDNB33U\.m2\repository\de\odysseus\staxon\staxon\1.2\staxon-1.2.jar;C:\Users\INVHYDNB33U\.m2\repository\org\codehaus\woodstox\stax2-api\3.1.1\stax2-api-3.1.1.jar;C:\Users\INVHYDNB33U\.m2\repository\org\kitchen-eel\json-schema-validator\1.2.2\json-schema-validator-1.2.2.jar;C:\Users\INVHYDNB33U\.m2\repository\org\mozilla\rhino\1.7R4\rhino-1.7R4.jar;C:\Users\INVHYDNB33U\.m2\repository\javax\mail\mailapi\1.4.3\mailapi-1.4.3.jar;C:\Users\INVHYDNB33U\.m2\repository\com\fasterxml\jackson\core\jackson-databind\2.1.1\jackson-databind-2.1.1.jar;C:\Users\INVHYDNB33U\.m2\repository\com\fasterxml\jackson\core\jackson-annotations\2.1.1\jackson-annotations-2.1.1.jar;C:\Users\INVHYDNB33U\.m2\repository\com\fasterxml\jackson\core\jackson-core\2.1.1\jackson-core-2.1.1.jar;C:\Users\INVHYDNB33U\.m2\repository\org\mule\transports\mule-transport-http\3.5.0\mule-transport-http-3.5.0.jar;C:\Users\INVHYDNB33U\.m2\repository\org\mule\transports\mule-transport-ssl\3.5.0\mule-transport-ssl-3.5.0.jar;C:\Users\INVHYDNB33U\.m2\repository\commons-codec\commons-codec\1.3\commons-codec-1.3.jar;C:\Users\INVHYDNB33U\.m2\repository\commons-httpclient\commons-httpclient\3.1\commons-httpclient-3.1.jar;C:\Users\INVHYDNB33U\.m2\repository\tomcat\tomcat-util\5.5.23\tomcat-util-5.5.23.jar;C:\Users\INVHYDNB33U\.m2\repository\tomcat\tomcat-apr\5.5.23\tomcat-apr-5.5.23.jar;C:\Users\INVHYDNB33U\.m2\repository\org\samba\jcifs\jcifs\1.3.3\jcifs-1.3.3.jar;C:\Users\INVHYDNB33U\.m2\repository\joda-time\joda-time\1.6\joda-time-1.6.jar;C:\Users\INVHYDNB33U\.m2\repository\org\mockito\mockito-all\1.8.2\mockito-all-1.8.2.jar;C:\Users\INVHYDNB33U\.m2\repository\org\mule\modules\mule-connector-test\2.0.3\mule-connector-test-2.0.3.jar;C:\Users\INVHYDNB33U\.m2\repository\javax\validation\validation-api\1.0.0.GA\validation-api-1.0.0.GA.jar;C:\Users\INVHYDNB33U\.m2\repository\org\eclipse\eclipse-workbench\3.6.1.M20100826-1330\eclipse-workbench-3.6.1.M20100826-1330.jar;C:\Users\INVHYDNB33U\.m2\repository\org\eclipse\eclipse-runtime\3.6.0.v20100505\eclipse-runtime-3.6.0.v20100505.jar;C:\Users\INVHYDNB33U\.m2\repository\org\osgi\core\4.3.0\core-4.3.0.jar;C:\Users\INVHYDNB33U\.m2\repository\org\mule\common\mule-common\3.5.0\mule-common-3.5.0.jar;C:\Users\INVHYDNB33U\.m2\repository\org\apache\xmlbeans\xmlbeans\2.3.0\xmlbeans-2.3.0.jar;C:\Users\INVHYDNB33U\.m2\repository\javax\xml\stream\stax-api\1.0-2\stax-api-1.0-2.jar;C:\Users\INVHYDNB33U\.m2\repository\org\antlr\antlr-runtime\3.5\antlr-runtime-3.5.jar;C:\Users\INVHYDNB33U\.m2\repository\org\antlr\stringtemplate\3.2.1\stringtemplate-3.2.1.jar;C:\Users\INVHYDNB33U\.m2\repository\org\mule\modules\mule-module-cxf\3.5.0\mule-module-cxf-3.5.0.jar;C:\Users\INVHYDNB33U\.m2\repository\org\apache\cxf\cxf-rt-core\2.5.9\cxf-rt-core-2.5.9.jar;C:\Users\INVHYDNB33U\.m2\repository\org\apache\cxf\cxf-api\2.5.9\cxf-api-2.5.9.jar;C:\Users\INVHYDNB33U\.m2\repository\org\apache\neethi\neethi\3.0.2\neethi-3.0.2.jar;C:\Users\INVHYDNB33U\.m2\repository\wsdl4j\wsdl4j\1.6.2\wsdl4j-1.6.2.jar;C:\Users\INVHYDNB33U\.m2\repository\org\apache\ws\xmlschema\xmlschema-core\2.0.3\xmlschema-core-2.0.3.jar;C:\Users\INVHYDNB33U\.m2\repository\org\apache\cxf\cxf-rt-frontend-simple\2.5.9\cxf-rt-frontend-simple-2.5.9.jar;C:\Users\INVHYDNB33U\.m2\repository\org\apache\cxf\cxf-rt-bindings-soap\2.5.9\cxf-rt-bindings-soap-2.5.9.jar;C:\Users\INVHYDNB33U\.m2\repository\org\apache\cxf\cxf-rt-frontend-jaxws\2.5.9\cxf-rt-frontend-jaxws-2.5.9.jar;C:\Users\INVHYDNB33U\.m2\repository\xml-resolver\xml-resolver\1.2\xml-resolver-1.2.jar;C:\Users\INVHYDNB33U\.m2\repository\org\apache\cxf\cxf-rt-bindings-xml\2.5.9\cxf-rt-bindings-xml-2.5.9.jar;C:\Users\INVHYDNB33U\.m2\repository\org\apache\cxf\cxf-rt-databinding-aegis\2.5.9\cxf-rt-databinding-aegis-2.5.9.jar;C:\Users\INVHYDNB33U\.m2\repository\org\apache\cxf\cxf-rt-databinding-jaxb\2.5.9\cxf-rt-databinding-jaxb-2.5.9.jar;C:\Users\INVHYDNB33U\.m2\repository\com\sun\xml\bind\jaxb-xjc\2.2.5.1\jaxb-xjc-2.2.5.1.jar;C:\Users\INVHYDNB33U\.m2\repository\org\apache\cxf\cxf-rt-databinding-jibx\2.5.9\cxf-rt-databinding-jibx-2.5.9.jar;C:\Users\INVHYDNB33U\.m2\repository\org\apache\cxf\cxf-tools-common\2.5.9\cxf-tools-common-2.5.9.jar;C:\Users\INVHYDNB33U\.m2\repository\org\jibx\jibx-run\1.2.4.5\jibx-run-1.2.4.5.jar;C:\Users\INVHYDNB33U\.m2\repository\xpp3\xpp3\1.1.3.4.O\xpp3-1.1.3.4.O.jar;C:\Users\INVHYDNB33U\.m2\repository\org\jibx\jibx-schema\1.2.4.5\jibx-schema-1.2.4.5.jar;C:\Users\INVHYDNB33U\.m2\repository\org\jibx\jibx-extras\1.2.4.5\jibx-extras-1.2.4.5.jar;C:\Users\INVHYDNB33U\.m2\repository\org\jdom\jdom\1.1.3\jdom-1.1.3.jar;C:\Users\INVHYDNB33U\.m2\repository\org\apache\cxf\cxf-rt-transports-local\2.5.9\cxf-rt-transports-local-2.5.9.jar;C:\Users\INVHYDNB33U\.m2\repository\org\apache\cxf\cxf-rt-ws-security\2.5.9\cxf-rt-ws-security-2.5.9.jar;C:\Users\INVHYDNB33U\.m2\repository\org\apache\cxf\cxf-common-utilities\2.5.9\cxf-common-utilities-2.5.9.jar;C:\Users\INVHYDNB33U\.m2\repository\org\apache\ws\security\wss4j\1.6.9\wss4j-1.6.9.jar;C:\Users\INVHYDNB33U\.m2\repository\org\apache\santuario\xmlsec\1.5.3\xmlsec-1.5.3.jar;C:\Users\INVHYDNB33U\.m2\repository\org\opensaml\opensaml\2.5.1-1\opensaml-2.5.1-1.jar;C:\Users\INVHYDNB33U\.m2\repository\org\opensaml\openws\1.4.2-1\openws-1.4.2-1.jar;C:\Users\INVHYDNB33U\.m2\repository\org\opensaml\xmltooling\1.3.2-1\xmltooling-1.3.2-1.jar;C:\Users\INVHYDNB33U\.m2\repository\org\apache\cxf\cxf-rt-ws-rm\2.5.9\cxf-rt-ws-rm-2.5.9.jar;C:\Users\INVHYDNB33U\.m2\repository\org\apache\cxf\cxf-rt-management\2.5.9\cxf-rt-management-2.5.9.jar;C:\Users\INVHYDNB33U\.m2\repository\org\apache\cxf\cxf-rt-ws-addr\2.5.9\cxf-rt-ws-addr-2.5.9.jar;C:\Users\INVHYDNB33U\.m2\repository\org\apache\cxf\cxf-rt-transports-http\2.5.9\cxf-rt-transports-http-2.5.9.jar;C:\Users\INVHYDNB33U\.m2\repository\org\apache\cxf\cxf-rt-transports-common\2.5.9\cxf-rt-transports-common-2.5.9.jar;C:\Users\INVHYDNB33U\.m2\repository\org\springframework\spring-web\3.0.6.RELEASE\spring-web-3.0.6.RELEASE.jar;C:\Users\INVHYDNB33U\.m2\repository\aopalliance\aopalliance\1.0\aopalliance-1.0.jar;C:\Users\INVHYDNB33U\.m2\repository\org\apache\cxf\cxf-wstx-msv-validation\2.5.9\cxf-wstx-msv-validation-2.5.9.jar;C:\Users\INVHYDNB33U\.m2\repository\net\java\dev\msv\msv-core\2011.1\msv-core-2011.1.jar;C:\Users\INVHYDNB33U\.m2\repository\com\sun\msv\datatype\xsd\xsdlib\2010.1\xsdlib-2010.1.jar;C:\Users\INVHYDNB33U\.m2\repository\isorelax\isorelax\20030108\isorelax-20030108.jar;C:\Users\INVHYDNB33U\.m2\repository\relaxngDatatype\relaxngDatatype\20020414\relaxngDatatype-20020414.jar;C:\Users\INVHYDNB33U\.m2\repository\com\sun\xml\messaging\saaj\saaj-impl\1.3\saaj-impl-1.3.jar;C:\Users\INVHYDNB33U\.m2\repository\javax\xml\soap\saaj-api\1.3\saaj-api-1.3.jar;C:\Users\INVHYDNB33U\.m2\repository\org\mule\modules\mule-module-spring-security\3.5.0\mule-module-spring-security-3.5.0.jar;C:\Users\INVHYDNB33U\.m2\repository\org\mule\modules\mule-module-spring-extras\3.5.0\mule-module-spring-extras-3.5.0.jar;C:\Users\INVHYDNB33U\.m2\repository\org\springframework\spring-jdbc\3.2.1.RELEASE\spring-jdbc-3.2.1.RELEASE.jar;C:\Users\INVHYDNB33U\.m2\repository\org\springframework\spring-jms\3.2.1.RELEASE\spring-jms-3.2.1.RELEASE.jar;C:\Users\INVHYDNB33U\.m2\repository\org\mule\modules\mule-module-builders\3.5.0\mule-module-builders-3.5.0.jar;C:\Users\INVHYDNB33U\.m2\repository\org\mule\modules\mule-module-management\3.5.0\mule-module-management-3.5.0.jar;C:\Users\INVHYDNB33U\.m2\repository\mx4j\mx4j-jmx\2.1.1\mx4j-jmx-2.1.1.jar;C:\Users\INVHYDNB33U\.m2\repository\mx4j\mx4j-impl\2.1.1\mx4j-impl-2.1.1.jar;C:\Users\INVHYDNB33U\.m2\repository\mx4j\mx4j-tools\2.1.1\mx4j-tools-2.1.1.jar;C:\Users\INVHYDNB33U\.m2\repository\mx4j\mx4j-remote\2.1.1\mx4j-remote-2.1.1.jar;C:\Users\INVHYDNB33U\.m2\repository\com\yourkit\yjp-controller-api-redist\9.0.8\yjp-controller-api-redist-9.0.8.jar;C:\Users\INVHYDNB33U\.m2\repository\tanukisoft\wrapper\3.2.3\wrapper-3.2.3.jar;C:\Users\INVHYDNB33U\.m2\repository\org\springframework\spring-context-support\3.2.1.RELEASE\spring-context-support-3.2.1.RELEASE.jar;C:\Users\INVHYDNB33U\.m2\repository\org\apache\geronimo\specs\geronimo-jms_1.1_spec\1.1\geronimo-jms_1.1_spec-1.1.jar;C:\Users\INVHYDNB33U\.m2\repository\org\springframework\security\spring-security-core\3.1.0.RELEASE\spring-security-core-3.1.0.RELEASE.jar;C:\Users\INVHYDNB33U\.m2\repository\org\springframework\security\spring-security-crypto\3.1.0.RELEASE\spring-security-crypto-3.1.0.RELEASE.jar;C:\Users\INVHYDNB33U\.m2\repository\org\springframework\security\spring-security-config\3.1.0.RELEASE\spring-security-config-3.1.0.RELEASE.jar;C:\Users\INVHYDNB33U\.m2\repository\org\springframework\security\spring-security-web\3.1.0.RELEASE\spring-security-web-3.1.0.RELEASE.jar;C:\Users\INVHYDNB33U\.m2\repository\org\springframework\spring-tx\3.0.6.RELEASE\spring-tx-3.0.6.RELEASE.jar;C:\Users\INVHYDNB33U\.m2\repository\org\springframework\security\spring-security-ldap\3.1.0.RELEASE\spring-security-ldap-3.1.0.RELEASE.jar;C:\Users\INVHYDNB33U\.m2\repository\org\springframework\ldap\spring-ldap-core\1.3.1.RELEASE\spring-ldap-core-1.3.1.RELEASE.jar;C:\Users\INVHYDNB33U\.m2\repository\org\apache\geronimo\specs\geronimo-servlet_3.0_spec\1.0\geronimo-servlet_3.0_spec-1.0.jar;C:\Users\INVHYDNB33U\.m2\repository\org\aspectj\aspectjrt\1.6.11\aspectjrt-1.6.11.jar;C:\Users\INVHYDNB33U\.m2\repository\org\mule\transports\mule-transport-tcp\3.5.0\mule-transport-tcp-3.5.0.jar;C:\Users\INVHYDNB33U\.m2\repository\net\sourceforge\saxon\saxon\9.1.0.8\saxon-9.1.0.8.jar;C:\Users\INVHYDNB33U\.m2\repository\org\apache\geronimo\specs\geronimo-annotation_1.1_spec\1.0.1\geronimo-annotation_1.1_spec-1.0.1.jar;C:\Users\INVHYDNB33U\.m2\repository\org\springframework\spring-core\3.2.1.RELEASE\spring-core-3.2.1.RELEASE.jar;C:\Users\INVHYDNB33U\.m2\repository\javax\mail\mail\1.4.3\mail-1.4.3.jar;C:\Users\INVHYDNB33U\.m2\repository\javax\xml\ws\jaxws-api\2.2.1\jaxws-api-2.2.1.jar;C:\Users\INVHYDNB33U\.m2\repository\javax\jws\jsr181-api\1.0-MR1\jsr181-api-1.0-MR1.jar;C:\Users\INVHYDNB33U\.m2\repository\org\apache\ant\ant\1.7.0\ant-1.7.0.jar;C:\Users\INVHYDNB33U\.m2\repository\org\apache\ant\ant-launcher\1.7.0\ant-launcher-1.7.0.jar;"/>
    <property name="java.specification.name" value="Java Platform API Specification"/>
    <property name="java.class.version" value="51.0"/>
    <property name="sun.management.compiler" value="HotSpot 64-Bit Tiered Compilers"/>
    <property name="os.version" value="6.1"/>
    <property name="user.home" value="C:\Users\INVHYDNB33U"/>
    <property name="user.timezone" value="Asia/Calcutta"/>
    <property name="java.awt.printerjob" value="sun.awt.windows.WPrinterJob"/>
    <property name="java.specification.version" value="1.7"/>
    <property name="file.encoding" value="Cp1252"/>
    <property name="user.name" value="INVHYDNB33U"/>
    <property name="java.class.path" value="C:\AnypointStudio\Devkitws\commoncomponent-connector\target\test-classes;C:\AnypointStudio\Devkitws\commoncomponent-connector\target\classes;C:\Users\INVHYDNB33U\.m2\repository\eclipse\eclipse-runtime\2.1.0\eclipse-runtime-2.1.0.jar;C:\Users\INVHYDNB33U\.m2\repository\org\mule\mule-core\3.5.0\mule-core-3.5.0.jar;C:\Users\INVHYDNB33U\.m2\repository\commons-beanutils\commons-beanutils\1.8.0\commons-beanutils-1.8.0.jar;C:\Users\INVHYDNB33U\.m2\repository\com\github\stephenc\eaio-uuid\uuid\3.4.0\uuid-3.4.0.jar;C:\Users\INVHYDNB33U\.m2\repository\com\github\stephenc\eaio-grabbag\grabbag\1.8.1\grabbag-1.8.1.jar;C:\Users\INVHYDNB33U\.m2\repository\commons-cli\commons-cli\1.2\commons-cli-1.2.jar;C:\Users\INVHYDNB33U\.m2\repository\commons-collections\commons-collections\3.2.1\commons-collections-3.2.1.jar;C:\Users\INVHYDNB33U\.m2\repository\commons-io\commons-io\1.4\commons-io-1.4.jar;C:\Users\INVHYDNB33U\.m2\repository\commons-lang\commons-lang\2.4\commons-lang-2.4.jar;C:\Users\INVHYDNB33U\.m2\repository\commons-pool\commons-pool\1.6\commons-pool-1.6.jar;C:\Users\INVHYDNB33U\.m2\repository\org\apache\geronimo\specs\geronimo-jta_1.1_spec\1.1.1\geronimo-jta_1.1_spec-1.1.1.jar;C:\Users\INVHYDNB33U\.m2\repository\org\apache\geronimo\specs\geronimo-j2ee-connector_1.5_spec\1.1\geronimo-j2ee-connector_1.5_spec-1.1.jar;C:\Users\INVHYDNB33U\.m2\repository\javax\annotation\jsr250-api\1.0\jsr250-api-1.0.jar;C:\Users\INVHYDNB33U\.m2\repository\org\slf4j\jcl-over-slf4j\1.6.1\jcl-over-slf4j-1.6.1.jar;C:\Users\INVHYDNB33U\.m2\repository\org\slf4j\slf4j-api\1.6.1\slf4j-api-1.6.1.jar;C:\Users\INVHYDNB33U\.m2\repository\org\slf4j\slf4j-log4j12\1.6.1\slf4j-log4j12-1.6.1.jar;C:\Users\INVHYDNB33U\.m2\repository\log4j\log4j\1.2.16\log4j-1.2.16.jar;C:\Users\INVHYDNB33U\.m2\repository\asm\asm\3.1\asm-3.1.jar;C:\Users\INVHYDNB33U\.m2\repository\asm\asm-commons\3.1\asm-commons-3.1.jar;C:\Users\INVHYDNB33U\.m2\repository\asm\asm-tree\3.1\asm-tree-3.1.jar;C:\Users\INVHYDNB33U\.m2\repository\org\mule\mvel\mule-mvel2\2.1.9-MULE-003\mule-mvel2-2.1.9-MULE-003.jar;C:\Users\INVHYDNB33U\.m2\repository\org\jgrapht\jgrapht-jdk1.5\0.7.3\jgrapht-jdk1.5-0.7.3.jar;C:\Users\INVHYDNB33U\.m2\repository\com\google\guava\guava\16.0.1\guava-16.0.1.jar;C:\Users\INVHYDNB33U\.m2\repository\org\mule\tools\devkit\mule-devkit-annotations\3.5.1\mule-devkit-annotations-3.5.1.jar;C:\Users\INVHYDNB33U\.m2\repository\javax\inject\javax.inject\1\javax.inject-1.jar;C:\Users\INVHYDNB33U\.m2\repository\org\mule\modules\mule-module-annotations\3.5.0\mule-module-annotations-3.5.0.jar;C:\Users\INVHYDNB33U\.m2\repository\cglib\cglib-nodep\2.2\cglib-nodep-2.2.jar;C:\Users\INVHYDNB33U\.m2\repository\org\mule\modules\mule-module-spring-config\3.5.0\mule-module-spring-config-3.5.0.jar;C:\Users\INVHYDNB33U\.m2\repository\org\springframework\spring-context\3.2.1.RELEASE\spring-context-3.2.1.RELEASE.jar;C:\Users\INVHYDNB33U\.m2\repository\org\springframework\spring-aop\3.2.1.RELEASE\spring-aop-3.2.1.RELEASE.jar;C:\Users\INVHYDNB33U\.m2\repository\org\springframework\spring-expression\3.2.1.RELEASE\spring-expression-3.2.1.RELEASE.jar;C:\Users\INVHYDNB33U\.m2\repository\dom4j\dom4j\1.6.1\dom4j-1.6.1.jar;C:\Users\INVHYDNB33U\.m2\repository\jaxen\jaxen\1.1.1\jaxen-1.1.1.jar;C:\Users\INVHYDNB33U\.m2\repository\org\mule\modules\mule-module-devkit-support\3.5.0\mule-module-devkit-support-3.5.0.jar;C:\Users\INVHYDNB33U\.m2\repository\oauth\signpost\signpost-core\1.2.1.2\signpost-core-1.2.1.2.jar;C:\Users\INVHYDNB33U\.m2\repository\junit\junit-dep\4.9\junit-dep-4.9.jar;C:\Users\INVHYDNB33U\.m2\repository\org\hamcrest\hamcrest-core\1.1\hamcrest-core-1.1.jar;C:\Users\INVHYDNB33U\.m2\repository\org\mule\tests\mule-tests-functional\3.5.0\mule-tests-functional-3.5.0.jar;C:\Users\INVHYDNB33U\.m2\repository\org\springframework\spring-beans\3.2.1.RELEASE\spring-beans-3.2.1.RELEASE.jar;C:\Users\INVHYDNB33U\.m2\repository\commons-net\commons-net\2.0\commons-net-2.0.jar;C:\Users\INVHYDNB33U\.m2\repository\org\apache\ftpserver\ftpserver-core\1.0.2\ftpserver-core-1.0.2.jar;C:\Users\INVHYDNB33U\.m2\repository\org\apache\mina\mina-core\2.0.0-M6\mina-core-2.0.0-M6.jar;C:\Users\INVHYDNB33U\.m2\repository\org\apache\ftpserver\ftplet-api\1.0.2\ftplet-api-1.0.2.jar;C:\Users\INVHYDNB33U\.m2\repository\org\apache\sshd\sshd-core\0.6.0\sshd-core-0.6.0.jar;C:\Users\INVHYDNB33U\.m2\repository\org\bouncycastle\bcprov-jdk16\1.46\bcprov-jdk16-1.46.jar;C:\Users\INVHYDNB33U\.m2\repository\commons-dbutils\commons-dbutils\1.2\commons-dbutils-1.2.jar;C:\Users\INVHYDNB33U\.m2\repository\org\mule\mule-core\3.5.0\mule-core-3.5.0-tests.jar;C:\Users\INVHYDNB33U\.m2\repository\org\mule\modules\mule-module-jersey\3.5.0\mule-module-jersey-3.5.0.jar;C:\Users\INVHYDNB33U\.m2\repository\org\mule\patterns\mule-pattern-core\3.5.0\mule-pattern-core-3.5.0.jar;C:\Users\INVHYDNB33U\.m2\repository\org\mule\modules\mule-module-ws\3.5.0\mule-module-ws-3.5.0.jar;C:\Users\INVHYDNB33U\.m2\repository\org\mule\transports\mule-transport-vm\3.5.0\mule-transport-vm-3.5.0.jar;C:\Users\INVHYDNB33U\.m2\repository\com\sun\jersey\jersey-server\1.6\jersey-server-1.6.jar;C:\Users\INVHYDNB33U\.m2\repository\com\sun\jersey\jersey-core\1.6\jersey-core-1.6.jar;C:\Users\INVHYDNB33U\.m2\repository\com\sun\jersey\jersey-json\1.6\jersey-json-1.6.jar;C:\Users\INVHYDNB33U\.m2\repository\com\sun\xml\bind\jaxb-impl\2.2.3-1\jaxb-impl-2.2.3-1.jar;C:\Users\INVHYDNB33U\.m2\repository\org\codehaus\jackson\jackson-xc\1.7.1\jackson-xc-1.7.1.jar;C:\Users\INVHYDNB33U\.m2\repository\com\sun\jersey\jersey-client\1.6\jersey-client-1.6.jar;C:\Users\INVHYDNB33U\.m2\repository\org\codehaus\jackson\jackson-core-asl\1.9.11\jackson-core-asl-1.9.11.jar;C:\Users\INVHYDNB33U\.m2\repository\org\codehaus\jackson\jackson-jaxrs\1.9.11\jackson-jaxrs-1.9.11.jar;C:\Users\INVHYDNB33U\.m2\repository\org\mule\modules\mule-module-json\3.5.0\mule-module-json-3.5.0.jar;C:\Users\INVHYDNB33U\.m2\repository\org\mule\modules\mule-module-xml\3.5.0\mule-module-xml-3.5.0.jar;C:\Users\INVHYDNB33U\.m2\repository\org\apache\geronimo\specs\geronimo-stax-api_1.0_spec\1.0.1\geronimo-stax-api_1.0_spec-1.0.1.jar;C:\Users\INVHYDNB33U\.m2\repository\commons-jxpath\commons-jxpath\1.3\commons-jxpath-1.3.jar;C:\Users\INVHYDNB33U\.m2\repository\com\thoughtworks\xstream\xstream\1.4.2\xstream-1.4.2.jar;C:\Users\INVHYDNB33U\.m2\repository\xmlpull\xmlpull\1.1.3.1\xmlpull-1.1.3.1.jar;C:\Users\INVHYDNB33U\.m2\repository\xpp3\xpp3_min\1.1.3.4.O\xpp3_min-1.1.3.4.O.jar;C:\Users\INVHYDNB33U\.m2\repository\org\codehaus\woodstox\woodstox-core-asl\4.1.4\woodstox-core-asl-4.1.4.jar;C:\Users\INVHYDNB33U\.m2\repository\net\java\dev\stax-utils\stax-utils\20080702\stax-utils-20080702.jar;C:\Users\INVHYDNB33U\.m2\repository\net\sourceforge\saxon\saxon\9.1.0.8\saxon-9.1.0.8-dom.jar;C:\Users\INVHYDNB33U\.m2\repository\net\sourceforge\saxon\saxon\9.1.0.8\saxon-9.1.0.8-xqj.jar;C:\Users\INVHYDNB33U\.m2\repository\javax\xml\bind\jaxb-api\2.1\jaxb-api-2.1.jar;C:\Users\INVHYDNB33U\.m2\repository\org\codehaus\jackson\jackson-mapper-asl\1.9.11\jackson-mapper-asl-1.9.11.jar;C:\Users\INVHYDNB33U\.m2\repository\de\odysseus\staxon\staxon\1.2\staxon-1.2.jar;C:\Users\INVHYDNB33U\.m2\repository\org\codehaus\woodstox\stax2-api\3.1.1\stax2-api-3.1.1.jar;C:\Users\INVHYDNB33U\.m2\repository\org\kitchen-eel\json-schema-validator\1.2.2\json-schema-validator-1.2.2.jar;C:\Users\INVHYDNB33U\.m2\repository\org\mozilla\rhino\1.7R4\rhino-1.7R4.jar;C:\Users\INVHYDNB33U\.m2\repository\javax\mail\mailapi\1.4.3\mailapi-1.4.3.jar;C:\Users\INVHYDNB33U\.m2\repository\com\fasterxml\jackson\core\jackson-databind\2.1.1\jackson-databind-2.1.1.jar;C:\Users\INVHYDNB33U\.m2\repository\com\fasterxml\jackson\core\jackson-annotations\2.1.1\jackson-annotations-2.1.1.jar;C:\Users\INVHYDNB33U\.m2\repository\com\fasterxml\jackson\core\jackson-core\2.1.1\jackson-core-2.1.1.jar;C:\Users\INVHYDNB33U\.m2\repository\org\mule\transports\mule-transport-http\3.5.0\mule-transport-http-3.5.0.jar;C:\Users\INVHYDNB33U\.m2\repository\org\mule\transports\mule-transport-ssl\3.5.0\mule-transport-ssl-3.5.0.jar;C:\Users\INVHYDNB33U\.m2\repository\commons-codec\commons-codec\1.3\commons-codec-1.3.jar;C:\Users\INVHYDNB33U\.m2\repository\commons-httpclient\commons-httpclient\3.1\commons-httpclient-3.1.jar;C:\Users\INVHYDNB33U\.m2\repository\tomcat\tomcat-util\5.5.23\tomcat-util-5.5.23.jar;C:\Users\INVHYDNB33U\.m2\repository\tomcat\tomcat-apr\5.5.23\tomcat-apr-5.5.23.jar;C:\Users\INVHYDNB33U\.m2\repository\org\samba\jcifs\jcifs\1.3.3\jcifs-1.3.3.jar;C:\Users\INVHYDNB33U\.m2\repository\joda-time\joda-time\1.6\joda-time-1.6.jar;C:\Users\INVHYDNB33U\.m2\repository\org\mockito\mockito-all\1.8.2\mockito-all-1.8.2.jar;C:\Users\INVHYDNB33U\.m2\repository\org\mule\modules\mule-connector-test\2.0.3\mule-connector-test-2.0.3.jar;C:\Users\INVHYDNB33U\.m2\repository\javax\validation\validation-api\1.0.0.GA\validation-api-1.0.0.GA.jar;C:\Users\INVHYDNB33U\.m2\repository\org\eclipse\eclipse-workbench\3.6.1.M20100826-1330\eclipse-workbench-3.6.1.M20100826-1330.jar;C:\Users\INVHYDNB33U\.m2\repository\org\eclipse\eclipse-runtime\3.6.0.v20100505\eclipse-runtime-3.6.0.v20100505.jar;C:\Users\INVHYDNB33U\.m2\repository\org\osgi\core\4.3.0\core-4.3.0.jar;C:\Users\INVHYDNB33U\.m2\repository\org\mule\common\mule-common\3.5.0\mule-common-3.5.0.jar;C:\Users\INVHYDNB33U\.m2\repository\org\apache\xmlbeans\xmlbeans\2.3.0\xmlbeans-2.3.0.jar;C:\Users\INVHYDNB33U\.m2\repository\javax\xml\stream\stax-api\1.0-2\stax-api-1.0-2.jar;C:\Users\INVHYDNB33U\.m2\repository\org\antlr\antlr-runtime\3.5\antlr-runtime-3.5.jar;C:\Users\INVHYDNB33U\.m2\repository\org\antlr\stringtemplate\3.2.1\stringtemplate-3.2.1.jar;C:\Users\INVHYDNB33U\.m2\repository\org\mule\modules\mule-module-cxf\3.5.0\mule-module-cxf-3.5.0.jar;C:\Users\INVHYDNB33U\.m2\repository\org\apache\cxf\cxf-rt-core\2.5.9\cxf-rt-core-2.5.9.jar;C:\Users\INVHYDNB33U\.m2\repository\org\apache\cxf\cxf-api\2.5.9\cxf-api-2.5.9.jar;C:\Users\INVHYDNB33U\.m2\repository\org\apache\neethi\neethi\3.0.2\neethi-3.0.2.jar;C:\Users\INVHYDNB33U\.m2\repository\wsdl4j\wsdl4j\1.6.2\wsdl4j-1.6.2.jar;C:\Users\INVHYDNB33U\.m2\repository\org\apache\ws\xmlschema\xmlschema-core\2.0.3\xmlschema-core-2.0.3.jar;C:\Users\INVHYDNB33U\.m2\repository\org\apache\cxf\cxf-rt-frontend-simple\2.5.9\cxf-rt-frontend-simple-2.5.9.jar;C:\Users\INVHYDNB33U\.m2\repository\org\apache\cxf\cxf-rt-bindings-soap\2.5.9\cxf-rt-bindings-soap-2.5.9.jar;C:\Users\INVHYDNB33U\.m2\repository\org\apache\cxf\cxf-rt-frontend-jaxws\2.5.9\cxf-rt-frontend-jaxws-2.5.9.jar;C:\Users\INVHYDNB33U\.m2\repository\xml-resolver\xml-resolver\1.2\xml-resolver-1.2.jar;C:\Users\INVHYDNB33U\.m2\repository\org\apache\cxf\cxf-rt-bindings-xml\2.5.9\cxf-rt-bindings-xml-2.5.9.jar;C:\Users\INVHYDNB33U\.m2\repository\org\apache\cxf\cxf-rt-databinding-aegis\2.5.9\cxf-rt-databinding-aegis-2.5.9.jar;C:\Users\INVHYDNB33U\.m2\repository\org\apache\cxf\cxf-rt-databinding-jaxb\2.5.9\cxf-rt-databinding-jaxb-2.5.9.jar;C:\Users\INVHYDNB33U\.m2\repository\com\sun\xml\bind\jaxb-xjc\2.2.5.1\jaxb-xjc-2.2.5.1.jar;C:\Users\INVHYDNB33U\.m2\repository\org\apache\cxf\cxf-rt-databinding-jibx\2.5.9\cxf-rt-databinding-jibx-2.5.9.jar;C:\Users\INVHYDNB33U\.m2\repository\org\apache\cxf\cxf-tools-common\2.5.9\cxf-tools-common-2.5.9.jar;C:\Users\INVHYDNB33U\.m2\repository\org\jibx\jibx-run\1.2.4.5\jibx-run-1.2.4.5.jar;C:\Users\INVHYDNB33U\.m2\repository\xpp3\xpp3\1.1.3.4.O\xpp3-1.1.3.4.O.jar;C:\Users\INVHYDNB33U\.m2\repository\org\jibx\jibx-schema\1.2.4.5\jibx-schema-1.2.4.5.jar;C:\Users\INVHYDNB33U\.m2\repository\org\jibx\jibx-extras\1.2.4.5\jibx-extras-1.2.4.5.jar;C:\Users\INVHYDNB33U\.m2\repository\org\jdom\jdom\1.1.3\jdom-1.1.3.jar;C:\Users\INVHYDNB33U\.m2\repository\org\apache\cxf\cxf-rt-transports-local\2.5.9\cxf-rt-transports-local-2.5.9.jar;C:\Users\INVHYDNB33U\.m2\repository\org\apache\cxf\cxf-rt-ws-security\2.5.9\cxf-rt-ws-security-2.5.9.jar;C:\Users\INVHYDNB33U\.m2\repository\org\apache\cxf\cxf-common-utilities\2.5.9\cxf-common-utilities-2.5.9.jar;C:\Users\INVHYDNB33U\.m2\repository\org\apache\ws\security\wss4j\1.6.9\wss4j-1.6.9.jar;C:\Users\INVHYDNB33U\.m2\repository\org\apache\santuario\xmlsec\1.5.3\xmlsec-1.5.3.jar;C:\Users\INVHYDNB33U\.m2\repository\org\opensaml\opensaml\2.5.1-1\opensaml-2.5.1-1.jar;C:\Users\INVHYDNB33U\.m2\repository\org\opensaml\openws\1.4.2-1\openws-1.4.2-1.jar;C:\Users\INVHYDNB33U\.m2\repository\org\opensaml\xmltooling\1.3.2-1\xmltooling-1.3.2-1.jar;C:\Users\INVHYDNB33U\.m2\repository\org\apache\cxf\cxf-rt-ws-rm\2.5.9\cxf-rt-ws-rm-2.5.9.jar;C:\Users\INVHYDNB33U\.m2\repository\org\apache\cxf\cxf-rt-management\2.5.9\cxf-rt-management-2.5.9.jar;C:\Users\INVHYDNB33U\.m2\repository\org\apache\cxf\cxf-rt-ws-addr\2.5.9\cxf-rt-ws-addr-2.5.9.jar;C:\Users\INVHYDNB33U\.m2\repository\org\apache\cxf\cxf-rt-transports-http\2.5.9\cxf-rt-transports-http-2.5.9.jar;C:\Users\INVHYDNB33U\.m2\repository\org\apache\cxf\cxf-rt-transports-common\2.5.9\cxf-rt-transports-common-2.5.9.jar;C:\Users\INVHYDNB33U\.m2\repository\org\springframework\spring-web\3.0.6.RELEASE\spring-web-3.0.6.RELEASE.jar;C:\Users\INVHYDNB33U\.m2\repository\aopalliance\aopalliance\1.0\aopalliance-1.0.jar;C:\Users\INVHYDNB33U\.m2\repository\org\apache\cxf\cxf-wstx-msv-validation\2.5.9\cxf-wstx-msv-validation-2.5.9.jar;C:\Users\INVHYDNB33U\.m2\repository\net\java\dev\msv\msv-core\2011.1\msv-core-2011.1.jar;C:\Users\INVHYDNB33U\.m2\repository\com\sun\msv\datatype\xsd\xsdlib\2010.1\xsdlib-2010.1.jar;C:\Users\INVHYDNB33U\.m2\repository\isorelax\isorelax\20030108\isorelax-20030108.jar;C:\Users\INVHYDNB33U\.m2\repository\relaxngDatatype\relaxngDatatype\20020414\relaxngDatatype-20020414.jar;C:\Users\INVHYDNB33U\.m2\repository\com\sun\xml\messaging\saaj\saaj-impl\1.3\saaj-impl-1.3.jar;C:\Users\INVHYDNB33U\.m2\repository\javax\xml\soap\saaj-api\1.3\saaj-api-1.3.jar;C:\Users\INVHYDNB33U\.m2\repository\org\mule\modules\mule-module-spring-security\3.5.0\mule-module-spring-security-3.5.0.jar;C:\Users\INVHYDNB33U\.m2\repository\org\mule\modules\mule-module-spring-extras\3.5.0\mule-module-spring-extras-3.5.0.jar;C:\Users\INVHYDNB33U\.m2\repository\org\springframework\spring-jdbc\3.2.1.RELEASE\spring-jdbc-3.2.1.RELEASE.jar;C:\Users\INVHYDNB33U\.m2\repository\org\springframework\spring-jms\3.2.1.RELEASE\spring-jms-3.2.1.RELEASE.jar;C:\Users\INVHYDNB33U\.m2\repository\org\mule\modules\mule-module-builders\3.5.0\mule-module-builders-3.5.0.jar;C:\Users\INVHYDNB33U\.m2\repository\org\mule\modules\mule-module-management\3.5.0\mule-module-management-3.5.0.jar;C:\Users\INVHYDNB33U\.m2\repository\mx4j\mx4j-jmx\2.1.1\mx4j-jmx-2.1.1.jar;C:\Users\INVHYDNB33U\.m2\repository\mx4j\mx4j-impl\2.1.1\mx4j-impl-2.1.1.jar;C:\Users\INVHYDNB33U\.m2\repository\mx4j\mx4j-tools\2.1.1\mx4j-tools-2.1.1.jar;C:\Users\INVHYDNB33U\.m2\repository\mx4j\mx4j-remote\2.1.1\mx4j-remote-2.1.1.jar;C:\Users\INVHYDNB33U\.m2\repository\com\yourkit\yjp-controller-api-redist\9.0.8\yjp-controller-api-redist-9.0.8.jar;C:\Users\INVHYDNB33U\.m2\repository\tanukisoft\wrapper\3.2.3\wrapper-3.2.3.jar;C:\Users\INVHYDNB33U\.m2\repository\org\springframework\spring-context-support\3.2.1.RELEASE\spring-context-support-3.2.1.RELEASE.jar;C:\Users\INVHYDNB33U\.m2\repository\org\apache\geronimo\specs\geronimo-jms_1.1_spec\1.1\geronimo-jms_1.1_spec-1.1.jar;C:\Users\INVHYDNB33U\.m2\repository\org\springframework\security\spring-security-core\3.1.0.RELEASE\spring-security-core-3.1.0.RELEASE.jar;C:\Users\INVHYDNB33U\.m2\repository\org\springframework\security\spring-security-crypto\3.1.0.RELEASE\spring-security-crypto-3.1.0.RELEASE.jar;C:\Users\INVHYDNB33U\.m2\repository\org\springframework\security\spring-security-config\3.1.0.RELEASE\spring-security-config-3.1.0.RELEASE.jar;C:\Users\INVHYDNB33U\.m2\repository\org\springframework\security\spring-security-web\3.1.0.RELEASE\spring-security-web-3.1.0.RELEASE.jar;C:\Users\INVHYDNB33U\.m2\repository\org\springframework\spring-tx\3.0.6.RELEASE\spring-tx-3.0.6.RELEASE.jar;C:\Users\INVHYDNB33U\.m2\repository\org\springframework\security\spring-security-ldap\3.1.0.RELEASE\spring-security-ldap-3.1.0.RELEASE.jar;C:\Users\INVHYDNB33U\.m2\repository\org\springframework\ldap\spring-ldap-core\1.3.1.RELEASE\spring-ldap-core-1.3.1.RELEASE.jar;C:\Users\INVHYDNB33U\.m2\repository\org\apache\geronimo\specs\geronimo-servlet_3.0_spec\1.0\geronimo-servlet_3.0_spec-1.0.jar;C:\Users\INVHYDNB33U\.m2\repository\org\aspectj\aspectjrt\1.6.11\aspectjrt-1.6.11.jar;C:\Users\INVHYDNB33U\.m2\repository\org\mule\transports\mule-transport-tcp\3.5.0\mule-transport-tcp-3.5.0.jar;C:\Users\INVHYDNB33U\.m2\repository\net\sourceforge\saxon\saxon\9.1.0.8\saxon-9.1.0.8.jar;C:\Users\INVHYDNB33U\.m2\repository\org\apache\geronimo\specs\geronimo-annotation_1.1_spec\1.0.1\geronimo-annotation_1.1_spec-1.0.1.jar;C:\Users\INVHYDNB33U\.m2\repository\org\springframework\spring-core\3.2.1.RELEASE\spring-core-3.2.1.RELEASE.jar;C:\Users\INVHYDNB33U\.m2\repository\javax\mail\mail\1.4.3\mail-1.4.3.jar;C:\Users\INVHYDNB33U\.m2\repository\javax\xml\ws\jaxws-api\2.2.1\jaxws-api-2.2.1.jar;C:\Users\INVHYDNB33U\.m2\repository\javax\jws\jsr181-api\1.0-MR1\jsr181-api-1.0-MR1.jar;C:\Users\INVHYDNB33U\.m2\repository\org\apache\ant\ant\1.7.0\ant-1.7.0.jar;C:\Users\INVHYDNB33U\.m2\repository\org\apache\ant\ant-launcher\1.7.0\ant-launcher-1.7.0.jar;"/>
    <property name="java.vm.specification.version" value="1.7"/>
    <property name="sun.arch.data.model" value="64"/>
    <property name="java.home" value="C:\Program Files\Java\jdk1.7.0_51\jre"/>
    <property name="sun.java.command" value="C:\Users\INVHYD~1\AppData\Local\Temp\surefirebooter6126730022432002636.jar C:\Users\INVHYD~1\AppData\Local\Temp\surefire8197527201904965951tmp C:\Users\INVHYD~1\AppData\Local\Temp\surefire7361560101922370454tmp"/>
    <property name="java.specification.vendor" value="Oracle Corporation"/>
    <property name="user.language" value="en"/>
    <property name="awt.toolkit" value="sun.awt.windows.WToolkit"/>
    <property name="java.vm.info" value="mixed mode"/>
    <property name="java.version" value="1.7.0_51"/>
    <property name="java.ext.dirs" value="C:\Program Files\Java\jdk1.7.0_51\jre\lib\ext;C:\Windows\Sun\Java\lib\ext"/>
    <property name="sun.boot.class.path" value="C:\Program Files\Java\jdk1.7.0_51\jre\lib\resources.jar;C:\Program Files\Java\jdk1.7.0_51\jre\lib\rt.jar;C:\Program Files\Java\jdk1.7.0_51\jre\lib\sunrsasign.jar;C:\Program Files\Java\jdk1.7.0_51\jre\lib\jsse.jar;C:\Program Files\Java\jdk1.7.0_51\jre\lib\jce.jar;C:\Program Files\Java\jdk1.7.0_51\jre\lib\charsets.jar;C:\Program Files\Java\jdk1.7.0_51\jre\lib\jfr.jar;C:\Program Files\Java\jdk1.7.0_51\jre\classes"/>
    <property name="java.vendor" value="Oracle Corporation"/>
    <property name="localRepository" value="C:\Users\INVHYDNB33U\.m2\repository"/>
    <property name="file.separator" value="\"/>
    <property name="java.vendor.url.bug" value="http://bugreport.sun.com/bugreport/"/>
    <property name="sun.cpu.endian" value="little"/>
    <property name="sun.io.unicode.encoding" value="UnicodeLittle"/>
    <property name="sun.desktop" value="windows"/>
    <property name="mule.encoding" value="UTF-8"/>
    <property name="sun.cpu.isalist" value="amd64"/>
  </properties>
  <testcase time="5.021" classname="com.umgi.es.devkit.commoncomponent.CommonComponentConnectorTest" name="testFlow"/>
</testsuite>